<?xml version="1.0" encoding="UTF-8"?>
<testng-results ignored="0" total="1" passed="1" failed="0" skipped="0">
  <reporter-output>
  </reporter-output>
  <suite started-at="2024-10-18T15:46:38 IST" name="Default suite" finished-at="2024-10-18T15:47:05 IST" duration-ms="27125">
    <groups>
    </groups>
    <test started-at="2024-10-18T15:46:38 IST" name="Default test" finished-at="2024-10-18T15:47:05 IST" duration-ms="27125">
      <class name="vtiger.WindowHandle">
        <test-method signature="addToCart()[pri:0, instance:vtiger.WindowHandle@306e95ec]" started-at="2024-10-18T15:46:38 IST" name="addToCart" finished-at="2024-10-18T15:47:05 IST" duration-ms="27057" status="PASS">
          <reporter-output>
          </reporter-output>
        </test-method> <!-- addToCart -->
      </class> <!-- vtiger.WindowHandle -->
    </test> <!-- Default test -->
  </suite> <!-- Default suite -->
</testng-results>
